# Push Log for thefoldwithin-earth
# Generated by gitfield-sync

[2025-06-08 05:45:25] Local: 
[2025-06-08 05:45:29] Radicle: RID=rad:z3FEj7rF8gZw9eFksCuiN43qjzrex, Peer ID=z6Mkw5s3ppo26C7y7tGK5MD8n2GqTHS582PPpeX5Xqbu2Mpz
  CLI: rad inspect rad:z3FEj7rF8gZw9eFksCuiN43qjzrex # View project details
  CLI: git ls-tree -r --name-only HEAD # View file structure
[2025-06-08 05:45:32] Forgejo: https://remember.thefoldwithin.earth/mrhavens/thefoldwithin-earth
[2025-06-08 05:45:44] GitLab: https://gitlab.com/mrhavens/thefoldwithin-earth
[2025-06-08 05:45:56] Bitbucket: https://bitbucket.org/thefoldwithin/thefoldwithin-earth
[2025-06-08 05:46:09] GitHub: https://github.com/mrhavens/thefoldwithin-earth
[2025-06-08 05:46:09] Local: 
[2025-06-08 05:46:14] Radicle: RID=rad:z3FEj7rF8gZw9eFksCuiN43qjzrex, Peer ID=z6Mkw5s3ppo26C7y7tGK5MD8n2GqTHS582PPpeX5Xqbu2Mpz
  CLI: rad inspect rad:z3FEj7rF8gZw9eFksCuiN43qjzrex # View project details
  CLI: git ls-tree -r --name-only HEAD # View file structure
[2025-06-08 05:46:17] Forgejo: https://remember.thefoldwithin.earth/mrhavens/thefoldwithin-earth
[2025-06-08 05:46:28] GitLab: https://gitlab.com/mrhavens/thefoldwithin-earth
[2025-06-08 05:46:40] Bitbucket: https://bitbucket.org/thefoldwithin/thefoldwithin-earth
[2025-06-08 05:46:52] GitHub: https://github.com/mrhavens/thefoldwithin-earth
[2025-06-08 05:46:53] Local: 
[2025-06-08 05:46:56] Radicle: RID=rad:z3FEj7rF8gZw9eFksCuiN43qjzrex, Peer ID=z6Mkw5s3ppo26C7y7tGK5MD8n2GqTHS582PPpeX5Xqbu2Mpz
  CLI: rad inspect rad:z3FEj7rF8gZw9eFksCuiN43qjzrex # View project details
  CLI: git ls-tree -r --name-only HEAD # View file structure
[2025-06-08 06:04:36] Local: 
[2025-06-08 06:04:46] Radicle: RID=rad:z3FEj7rF8gZw9eFksCuiN43qjzrex, Peer ID=z6Mkw5s3ppo26C7y7tGK5MD8n2GqTHS582PPpeX5Xqbu2Mpz
  CLI: rad inspect rad:z3FEj7rF8gZw9eFksCuiN43qjzrex # View project details
  CLI: git ls-tree -r --name-only HEAD # View file structure
[2025-06-08 06:04:50] Forgejo: https://remember.thefoldwithin.earth/mrhavens/thefoldwithin-earth
[2025-06-08 06:05:05] GitLab: https://gitlab.com/mrhavens/thefoldwithin-earth
[2025-06-08 06:05:21] Bitbucket: https://bitbucket.org/thefoldwithin/thefoldwithin-earth
[2025-06-08 06:05:38] GitHub: https://github.com/mrhavens/thefoldwithin-earth
[2025-06-08 06:05:38] Local: 
[2025-06-08 06:05:42] Radicle: RID=rad:z3FEj7rF8gZw9eFksCuiN43qjzrex, Peer ID=z6Mkw5s3ppo26C7y7tGK5MD8n2GqTHS582PPpeX5Xqbu2Mpz
  CLI: rad inspect rad:z3FEj7rF8gZw9eFksCuiN43qjzrex # View project details
  CLI: git ls-tree -r --name-only HEAD # View file structure
[2025-06-08 06:05:45] Forgejo: https://remember.thefoldwithin.earth/mrhavens/thefoldwithin-earth
[2025-06-08 06:05:57] GitLab: https://gitlab.com/mrhavens/thefoldwithin-earth
[2025-06-08 06:06:14] Bitbucket: https://bitbucket.org/thefoldwithin/thefoldwithin-earth
[2025-06-08 06:06:27] GitHub: https://github.com/mrhavens/thefoldwithin-earth
[2025-06-08 06:06:27] Local: 
[2025-06-08 06:06:32] Radicle: RID=rad:z3FEj7rF8gZw9eFksCuiN43qjzrex, Peer ID=z6Mkw5s3ppo26C7y7tGK5MD8n2GqTHS582PPpeX5Xqbu2Mpz
  CLI: rad inspect rad:z3FEj7rF8gZw9eFksCuiN43qjzrex # View project details
  CLI: git ls-tree -r --name-only HEAD # View file structure
[2025-06-08 06:06:35] Forgejo: https://remember.thefoldwithin.earth/mrhavens/thefoldwithin-earth
[2025-06-08 06:06:46] GitLab: https://gitlab.com/mrhavens/thefoldwithin-earth
[2025-06-08 06:07:02] Bitbucket: https://bitbucket.org/thefoldwithin/thefoldwithin-earth
[2025-06-08 06:07:14] GitHub: https://github.com/mrhavens/thefoldwithin-earth
[2025-06-09 15:03:25] Local: 
[2025-06-09 15:03:43] Radicle: RID=rad:z3FEj7rF8gZw9eFksCuiN43qjzrex, Peer ID=z6Mkw5s3ppo26C7y7tGK5MD8n2GqTHS582PPpeX5Xqbu2Mpz
  CLI: rad inspect rad:z3FEj7rF8gZw9eFksCuiN43qjzrex # View project details
  CLI: git ls-tree -r --name-only HEAD # View file structure
[2025-06-09 15:03:57] Forgejo: https://remember.thefoldwithin.earth/mrhavens/thefoldwithin-earth
[2025-06-09 15:04:12] Codeberg: https://codeberg.org/mrhavens/thefoldwithin-earth
[2025-06-09 15:04:17] Gitea: https://gitea.com/mrhavens/thefoldwithin-earth
[2025-06-09 15:04:44] GitLab: https://gitlab.com/mrhavens/thefoldwithin-earth
[2025-06-09 15:05:21] Bitbucket: https://bitbucket.org/thefoldwithin/thefoldwithin-earth
[2025-06-09 15:05:43] GitHub: https://github.com/mrhavens/thefoldwithin-earth
[2025-06-09 15:05:43] Local: 
[2025-06-09 15:06:02] Radicle: RID=rad:z3FEj7rF8gZw9eFksCuiN43qjzrex, Peer ID=z6Mkw5s3ppo26C7y7tGK5MD8n2GqTHS582PPpeX5Xqbu2Mpz
  CLI: rad inspect rad:z3FEj7rF8gZw9eFksCuiN43qjzrex # View project details
  CLI: git ls-tree -r --name-only HEAD # View file structure
[2025-06-09 15:06:06] Forgejo: https://remember.thefoldwithin.earth/mrhavens/thefoldwithin-earth
[2025-06-09 15:06:15] Codeberg: https://codeberg.org/mrhavens/thefoldwithin-earth
[2025-06-09 15:06:17] Gitea: https://gitea.com/mrhavens/thefoldwithin-earth
[2025-06-09 15:06:30] GitLab: https://gitlab.com/mrhavens/thefoldwithin-earth
[2025-06-09 15:06:48] Bitbucket: https://bitbucket.org/thefoldwithin/thefoldwithin-earth
[2025-06-09 15:07:04] GitHub: https://github.com/mrhavens/thefoldwithin-earth
[2025-06-09 15:07:05] Local: 
[2025-06-09 15:07:23] Radicle: RID=rad:z3FEj7rF8gZw9eFksCuiN43qjzrex, Peer ID=z6Mkw5s3ppo26C7y7tGK5MD8n2GqTHS582PPpeX5Xqbu2Mpz
  CLI: rad inspect rad:z3FEj7rF8gZw9eFksCuiN43qjzrex # View project details
  CLI: git ls-tree -r --name-only HEAD # View file structure
[2025-06-09 15:07:27] Forgejo: https://remember.thefoldwithin.earth/mrhavens/thefoldwithin-earth
[2025-06-09 15:08:01] Codeberg: https://codeberg.org/mrhavens/thefoldwithin-earth
[2025-06-09 15:08:06] Gitea: https://gitea.com/mrhavens/thefoldwithin-earth
[2025-06-09 15:08:18] GitLab: https://gitlab.com/mrhavens/thefoldwithin-earth
[2025-06-09 15:08:32] Bitbucket: https://bitbucket.org/thefoldwithin/thefoldwithin-earth
[2025-06-09 15:08:45] GitHub: https://github.com/mrhavens/thefoldwithin-earth
[2025-06-09 15:10:07] Local: 
[2025-06-09 15:10:26] Radicle: RID=rad:z3FEj7rF8gZw9eFksCuiN43qjzrex, Peer ID=z6Mkw5s3ppo26C7y7tGK5MD8n2GqTHS582PPpeX5Xqbu2Mpz
  CLI: rad inspect rad:z3FEj7rF8gZw9eFksCuiN43qjzrex # View project details
  CLI: git ls-tree -r --name-only HEAD # View file structure
[2025-06-09 15:10:30] Forgejo: https://remember.thefoldwithin.earth/mrhavens/thefoldwithin-earth
[2025-06-09 15:10:38] Codeberg: https://codeberg.org/mrhavens/thefoldwithin-earth
